<?xml version="1.0" encoding="UTF-8"?>
<testsuite xmlns:xsi="http://www.w3.org/2001/XMLSchema-instance" xsi:noNamespaceSchemaLocation="https://maven.apache.org/surefire/maven-surefire-plugin/xsd/surefire-test-report-3.0.xsd" version="3.0" name="com.example.testingweb.TestingWebApplicationTests" time="3.462" tests="1" errors="0" skipped="0" failures="0">
  <properties>
[...]
</properties>
  <testcase name="contextLoads" classname="com.example.testingweb.TestingWebApplicationTests" time="1.102">
    <system-out><![CDATA[11:10:18.298 [main] INFO org.springframework.test.context.support.AnnotationConfigContextLoaderUtils -- Could not detect default configuration classes for test class [com.example.testingweb.TestingWebApplicationTests]: TestingWebApplicationTests does not declare any static, non-private, non-final, nested classes annotated with @Configuration.
11:10:18.407 [main] INFO org.springframework.boot.test.context.SpringBootTestContextBootstrapper -- Found @SpringBootConfiguration com.example.testingweb.TestingWebApplication for test class com.example.testingweb.TestingWebApplicationTests

  .   ____          _            __ _ _
 /\\ / ___'_ __ _ _(_)_ __  __ _ \ \ \ \
( ( )\___ | '_ | '_| | '_ \/ _` | \ \ \ \
 \\/  ___)| |_)| | | | | || (_| |  ) ) ) )
  '  |____| .__|_| |_|_| |_\__, | / / / /
 =========|_|==============|___/=/_/_/_/
 :: Spring Boot ::                (v3.1.2)

2023-07-25T11:10:18.908-05:00  INFO 14552 --- [           main] c.e.t.TestingWebApplicationTests         : Starting TestingWebApplicationTests using Java 17.0.6 with PID 14552 (started by francisco.marquez in C:\Users\francisco.marquez\Documents\NetBeansProjects\Taller)
2023-07-25T11:10:18.908-05:00  INFO 14552 --- [           main] c.e.t.TestingWebApplicationTests         : No active profile set, falling back to 1 default profile: "default"
2023-07-25T11:10:20.392-05:00  INFO 14552 --- [           main] c.e.t.TestingWebApplicationTests         : Started TestingWebApplicationTests in 1.798 seconds (process running for 2.912)
]]></system-out>
    <system-err><![CDATA[SLF4J: Class path contains multiple SLF4J providers.
SLF4J: Found provider [ch.qos.logback.classic.spi.LogbackServiceProvider@368f2016]
SLF4J: Found provider [org.slf4j.simple.SimpleServiceProvider@4c583ecf]
SLF4J: See https://www.slf4j.org/codes.html#multiple_bindings for an explanation.
SLF4J: Actual provider is of type [ch.qos.logback.classic.spi.LogbackServiceProvider@368f2016]
]]></system-err>
  </testcase>
</testsuite>